<?xml version="1.0" encoding="UTF-8"?>
<!-- Generated by org.testng.reporters.JUnitReportReporter -->
<testsuite hostname="DESKTOP-VRROPQN" failures="0" tests="1" name="driver.DriverScript" time="90.348" errors="0" timestamp="2022-07-22T15:42:43 IST" skipped="0">
  <testcase classname="driver.DriverScript" name="executeTestSuite" time="90.348"/>
  <system-out/>
</testsuite> <!-- driver.DriverScript -->
